Resistor_color_band/android/build/outputs/logs/manifest-merger-debug-report.txt
-- Merging decision tree log ---
manifest
ADDED from Resistor_color_band/android/AndroidManifest.xml:2:1-47:12
	xmlns:android
		ADDED from Resistor_color_band/android/AndroidManifest.xml:2:11-69
	package
		ADDED from Resistor_color_band/android/AndroidManifest.xml:3:5-29
		INJECTED from Resistor_color_band/android/AndroidManifest.xml
		INJECTED from Resistor_color_band/android/AndroidManifest.xml
	android:versionName
		ADDED from Resistor_color_band/android/AndroidManifest.xml:5:5-30
		INJECTED from Resistor_color_band/android/AndroidManifest.xml
		INJECTED from Resistor_color_band/android/AndroidManifest.xml
	android:versionCode
		ADDED from Resistor_color_band/android/AndroidManifest.xml:4:5-28
		INJECTED from Resistor_color_band/android/AndroidManifest.xml
		INJECTED from Resistor_color_band/android/AndroidManifest.xml
uses-sdk
ADDED from Resistor_color_band/android/AndroidManifest.xml:7:5-9:41
MERGED from [com.android.support:appcompat-v7:23.1.1] AndroidManifest.xml:20:5-43
MERGED from [com.android.support:support-v4:23.1.1] AndroidManifest.xml:20:5-43
MERGED from [Resistor_color_band:openCVLibrary2410:1.0] AndroidManifest.xml:7:5-9:41
	android:targetSdkVersion
		ADDED from Resistor_color_band/android/AndroidManifest.xml:9:9-38
		INJECTED from Resistor_color_band/android/AndroidManifest.xml
		INJECTED from Resistor_color_band/android/AndroidManifest.xml
	android:minSdkVersion
		ADDED from Resistor_color_band/android/AndroidManifest.xml:8:9-34
		INJECTED from Resistor_color_band/android/AndroidManifest.xml
		INJECTED from Resistor_color_band/android/AndroidManifest.xml
android:uses-permission#android.permission.WRITE_EXTERNAL_STORAGE
ADDED from Resistor_color_band/android/AndroidManifest.xml:11:5-89
	android:name
		ADDED from Resistor_color_band/android/AndroidManifest.xml:11:30-86
android:uses-permission#android.permission.READ_PHONE_STATE
ADDED from Resistor_color_band/android/AndroidManifest.xml:12:5-83
	android:name
		ADDED from Resistor_color_band/android/AndroidManifest.xml:12:30-80
android:uses-permission#android.permission.READ_EXTERNAL_STORAGE
ADDED from Resistor_color_band/android/AndroidManifest.xml:13:5-88
	android:name
		ADDED from Resistor_color_band/android/AndroidManifest.xml:13:30-85
application
ADDED from Resistor_color_band/android/AndroidManifest.xml:15:5-37:19
MERGED from [com.android.support:appcompat-v7:23.1.1] AndroidManifest.xml:22:5-20
MERGED from [com.android.support:support-v4:23.1.1] AndroidManifest.xml:22:5-20
	android:label
		ADDED from Resistor_color_band/android/AndroidManifest.xml:18:9-41
	android:allowBackup
		ADDED from Resistor_color_band/android/AndroidManifest.xml:16:9-35
	android:icon
		ADDED from Resistor_color_band/android/AndroidManifest.xml:17:9-45
	android:theme
		ADDED from Resistor_color_band/android/AndroidManifest.xml:19:9-40
activity#com.mygdx.game.AndroidLauncher
ADDED from Resistor_color_band/android/AndroidManifest.xml:20:9-30:20
	android:screenOrientation
		ADDED from Resistor_color_band/android/AndroidManifest.xml:24:13-49
	android:label
		ADDED from Resistor_color_band/android/AndroidManifest.xml:23:13-45
	android:configChanges
		ADDED from Resistor_color_band/android/AndroidManifest.xml:22:13-83
	android:name
		ADDED from Resistor_color_band/android/AndroidManifest.xml:21:13-44
intent-filter#android.intent.action.MAIN+android.intent.category.LAUNCHER
ADDED from Resistor_color_band/android/AndroidManifest.xml:25:13-29:29
action#android.intent.action.MAIN
ADDED from Resistor_color_band/android/AndroidManifest.xml:26:17-69
	android:name
		ADDED from Resistor_color_band/android/AndroidManifest.xml:26:25-66
category#android.intent.category.LAUNCHER
ADDED from Resistor_color_band/android/AndroidManifest.xml:28:17-77
	android:name
		ADDED from Resistor_color_band/android/AndroidManifest.xml:28:27-74
activity#com.mygdx.game.resist
ADDED from Resistor_color_band/android/AndroidManifest.xml:31:9-53
	android:name
		ADDED from Resistor_color_band/android/AndroidManifest.xml:31:19-41
activity#com.mygdx.game.DetectActivity
ADDED from Resistor_color_band/android/AndroidManifest.xml:32:9-99
	android:screenOrientation
		ADDED from Resistor_color_band/android/AndroidManifest.xml:32:50-87
	android:name
		ADDED from Resistor_color_band/android/AndroidManifest.xml:32:19-49
activity#com.mygdx.game.DisplayActivity
ADDED from Resistor_color_band/android/AndroidManifest.xml:33:9-62
	android:name
		ADDED from Resistor_color_band/android/AndroidManifest.xml:33:19-50
activity#com.mygdx.game.ManualEnterActivity
ADDED from Resistor_color_band/android/AndroidManifest.xml:34:9-66
	android:name
		ADDED from Resistor_color_band/android/AndroidManifest.xml:34:19-54
activity#com.mygdx.game.MainActivity
ADDED from Resistor_color_band/android/AndroidManifest.xml:35:9-59
	android:name
		ADDED from Resistor_color_band/android/AndroidManifest.xml:35:19-47
uses-permission#android.permission.CAMERA
ADDED from Resistor_color_band/android/AndroidManifest.xml:38:5-64
	android:name
		ADDED from Resistor_color_band/android/AndroidManifest.xml:38:22-62
uses-feature#android.hardware.camera
ADDED from Resistor_color_band/android/AndroidManifest.xml:40:5-84
	android:required
		ADDED from Resistor_color_band/android/AndroidManifest.xml:40:58-82
	android:name
		ADDED from Resistor_color_band/android/AndroidManifest.xml:40:19-57
uses-feature#android.hardware.camera.autofocus
ADDED from Resistor_color_band/android/AndroidManifest.xml:41:5-94
	android:required
		ADDED from Resistor_color_band/android/AndroidManifest.xml:41:68-92
	android:name
		ADDED from Resistor_color_band/android/AndroidManifest.xml:41:19-67
uses-feature#android.hardware.camera.front
ADDED from Resistor_color_band/android/AndroidManifest.xml:42:5-90
	android:required
		ADDED from Resistor_color_band/android/AndroidManifest.xml:42:64-88
	android:name
		ADDED from Resistor_color_band/android/AndroidManifest.xml:42:19-63
uses-feature#android.hardware.camera.front.autofocus
ADDED from Resistor_color_band/android/AndroidManifest.xml:43:5-100
	android:required
		ADDED from Resistor_color_band/android/AndroidManifest.xml:43:74-98
	android:name
		ADDED from Resistor_color_band/android/AndroidManifest.xml:43:19-73
uses-permission#android.permission.WRITE_EXTERNAL_STORAGE
ADDED from Resistor_color_band/android/AndroidManifest.xml:44:5-81
	android:name
		ADDED from Resistor_color_band/android/AndroidManifest.xml:44:22-78
uses-permission#android.permission.READ_EXTERNAL_STORAGE
ADDED from Resistor_color_band/android/AndroidManifest.xml:45:5-80
	android:name
		ADDED from Resistor_color_band/android/AndroidManifest.xml:45:22-77